<?xml version="1.0" encoding="UTF-8"?>
<!-- Generated by org.testng.reporters.JUnitReportReporter -->
<testsuite hostname="LAPTOP-RLBPP581" failures="0" tests="1" name="Test.Testonimdb" time="101.726" errors="0" timestamp="2022-07-24T14:20:48 IST" skipped="0">
  <testcase classname="Test.Testonimdb" name="verfiyreleasedatecounrty" time="101.726"/>
  <system-out/>
</testsuite> <!-- Test.Testonimdb -->
